//phase1(12190075)
THERE ARE TWO WAYS 
DIRECT APPROACH AND DEBUG ASSEMBLER

First let me do direct approach
//Direct approach: in direct approach we just have to code as strings bomb where we get the list of strings and from there, the unique un related sentence is the solution.


gcit@gcit-OptiPlex-3040:~/Desktop/saras/Assignment 1/bomb002$ strings bomb
/lib64/ld-linux-x86-64.so.2
libc.so.6
socket
fflush
strcpy
__printf_chk
exit
fopen
__isoc99_sscanf
connect
signal
puts
__stack_chk_fail
stdin
strtol
fgets
__errno_location
read
__fprintf_chk
stdout
__memmove_chk
__ctype_b_loc
getenv
stderr
alarm
gethostbyname
close
sleep
__sprintf_chk
__libc_start_main
write
__gmon_start__
GLIBC_2.3
GLIBC_2.7
GLIBC_2.3.4
GLIBC_2.4
GLIBC_2.2.5
5b% 
%d% 
%b% 
%Z% 
%R% 
%J% 
%B% 
%:% 
%2% 
%*% 
%"% 
UH-`7`
=q* 
t.ATUS
[]A\
AUATUSH
D$X1
Tt H
\$ H
D$ H
t$HH
D$XdH3
h[]A\A]
ATUSH
t":E
[]A\
5p" 
***truncH
ated***
D$h1
D$hdH3
AVAUATUSH
[]A\A]A^
AWAVAUATUSH
Error: CI
lient unI
able to I
create sI
G ockefA
Error: DI
NS is unI
able to I
resolve I
server aI
G(ddrefA
G,ssA
t$0D
Error: UI
nable toI
 connectI
 to the I
G servfA
G$erA
Error: RI
esult stI
ring tooI
 large. I
IncreaseI
 SUBMITRI
_MAXBUF
Error: CI
lient unI
able to I
write toI
 the serI
G(ver
D$PH
Error: CI
lient unI
able to I
read firI
st headeI
r from sI
G0ervefA
L$,H
D$,A
Error: CI
lient unI
able to I
read heaI
ders froI
m serverI
Error: CI
lient unI
able to I
read staI
tus messI
age fromI
 server
Error: RI
esult stI
ring conI
tains anI
 illegalI
 or unprI
intable I
characteI
G8fA
G@r.A
t$0L
L$(L
[]A\A]A^A_
Error: CH
lient unH
able to H
create sH
E ockef
Error: DH
NS is unH
able to H
resolve H
server aH
E(ddref
E,ss
t)APRA
AWAVA
AUATL
[]A\A]A^A_
%s: Error: Couldn't open %s
Usage: %s [<input_file>]
That's number 2.  Keep going!
Halfway there!
Good work!  On to the next...
Welcome to my fiendish little bomb. You have 6 phases with
which to blow yourself up. Have a nice day!
Phase 1 defused. How about the next one?
So you got that one.  Try this one.
Public speaking is very easy.                                       //unique string is the solution for this phase
Wow! You've defused the secret stage!
So you think you can stop the bomb with ctrl-c, do you?
Curses, you've found the secret phase!
But finding it and solving it are quite different...
Congratulations! You've defused the bomb!
Well...
OK. :-)
Invalid phase%s
BOOM!!!
The bomb has blown up.
%d %d %d %d %d %d
Error: Premature EOF on stdin
GRADE_BOMB
Error: Input line too long
%d %d %s
DrEvil
greatwhite.ics.cs.cmu.edu
angelshark.ics.cs.cmu.edu
makoshark.ics.cs.cmu.edu
whaleshark.ics.cs.cmu.edu
Program timed out after %d seconds
Error: HTTP request failed with error %d: %s
GET /%s/submitr.pl/?userid=%s&userpwd=%s&lab=%s&result=%s&submit=submit HTTP/1.0
Error: Unable to connect to server %s
%%%02X
%s %d %[a-zA-z ]
changeme.ics.cs.cmu.edu
AUTORESULT_STRING=%s
csapp
;*3$"
GCC: (Ubuntu 5.4.1-2ubuntu1~16.04) 5.4.1 20160904
<Welcome to my fiendish little bomb. You have 6 phases with
-which to blow yourself up. Have a nice day!
*Phase 1 defused. How about the next one?
That's number 2.  Keep going!
Halfway there!
%So you got that one.  Try this one.
Good work!  On to the next...
/usr/include/x86_64-linux-gnu/bits
/usr/lib/gcc/x86_64-linux-gnu/5/include
/usr/include
bomb.c
stdio2.h
stddef.h
types.h
stdio.h
libio.h
stdlib.h
support.h
phases.h
<built-in>
printf
__off_t
_IO_read_ptr
_chain
size_t
_shortbuf
_IO_buf_base
long long unsigned int
read_line
long long int
phase_defused
_fileno
_IO_read_end
_flags
_IO_buf_end
_cur_column
__printf_chk
_old_offset
infile
initialize_bomb
_IO_marker
stdin
_IO_write_ptr
_sbuf
short unsigned int
_IO_save_base
_lock
_flags2
_mode
__builtin_puts
stdout
sizetype
GNU C11 5.4.1 20160904 -mtune=generic -march=x86-64 -ggdb -O1 -fstack-protector-strong
_IO_write_end
_IO_lock_t
_IO_FILE
fopen
_pos
/home/cihl-132/Documents/Juniors - 2016/ICS/bomblab/src
_markers
unsigned char
short int
_vtable_offset
exit
bomb.c
input
_next
__off64_t
_IO_read_base
_IO_save_end
__fmt
__pad1
__pad2
__pad3
__pad4
__pad5
_unused2
argv
phase_1
phase_2
phase_3
phase_4
phase_5
phase_6
_IO_backup_base
argc
main
_IO_write_base
crtstuff.c
__JCR_LIST__
deregister_tm_clones
__do_global_dtors_aux
completed.7588
__do_global_dtors_aux_fini_array_entry
frame_dummy
__frame_dummy_init_array_entry
bomb.c
phases.c
array.3597
support.c
sig_handler
driverlib.c
rio_readlineb
__FRAME_END__
__JCR_END__
__init_array_end
_DYNAMIC
__init_array_start
__GNU_EH_FRAME_HDR
_GLOBAL_OFFSET_TABLE_
__libc_csu_fini
skip
getenv@@GLIBC_2.2.5
phase_defused
__errno_location@@GLIBC_2.2.5
_ITM_deregisterTMCloneTable
stdout@@GLIBC_2.2.5
strcpy@@GLIBC_2.2.5
puts@@GLIBC_2.2.5
stdin@@GLIBC_2.2.5
write@@GLIBC_2.2.5
_edata
__stack_chk_fail@@GLIBC_2.4
num_input_strings
phase_5
initialize_bomb_solve
blank_line
submitr
phase_3
phase_1
invalid_phase
init_driver
alarm@@GLIBC_2.2.5
close@@GLIBC_2.2.5
node3
read@@GLIBC_2.2.5
__libc_start_main@@GLIBC_2.2.5
fgets@@GLIBC_2.2.5
explode_bomb
node1
__data_start
signal@@GLIBC_2.2.5
gethostbyname@@GLIBC_2.2.5
node5
__memmove_chk@@GLIBC_2.3.4
__gmon_start__
strtol@@GLIBC_2.2.5
fun7
__dso_handle
_IO_stdin_used
host_table
func4
string_length
__libc_csu_init
fflush@@GLIBC_2.2.5
__isoc99_sscanf@@GLIBC_2.7
secret_phase
infile
sigalrm_handler
init_timeout
__bss_start
main
__printf_chk@@GLIBC_2.3.4
read_line
strings_not_equal
phase_4
fopen@@GLIBC_2.2.5
phase_6
scratch
_Jv_RegisterClasses
driver_post
phase_2
exit@@GLIBC_2.2.5
bomb_id
connect@@GLIBC_2.2.5
__TMC_END__
__fprintf_chk@@GLIBC_2.3.4
_ITM_registerTMCloneTable
node2
node4
sleep@@GLIBC_2.2.5
node6
read_six_numbers
initialize_bomb
__ctype_b_loc@@GLIBC_2.3
stderr@@GLIBC_2.2.5
__sprintf_chk@@GLIBC_2.3.4
socket@@GLIBC_2.2.5
.symtab
.strtab
.shstrtab
.interp
.note.ABI-tag
.note.gnu.build-id
.gnu.hash
.dynsym
.dynstr
.gnu.version
.gnu.version_r
.rela.dyn
.rela.plt
.init
.plt.got
.text
.fini
.rodata
.eh_frame_hdr
.eh_frame
.init_array
.fini_array
.jcr
.dynamic
.got.plt
.data
.bss
.comment
.debug_aranges
.debug_info
.debug_abbrev
.debug_line
.debug_str
.debug_loc
gcit@gcit-OptiPlex-3040:~/Desktop/saras/Assignment 1/bomb002$ 





//debug assembler code
lab-2@lab2-OptiPlex-3040:~/Desktop/saras/Assignment 1/bomb002$ gdb bomb   //GNU debugger
GNU gdb (Ubuntu 9.2-0ubuntu1~20.04) 9.2
Copyright (C) 2020 Free Software Foundation, Inc.
License GPLv3+: GNU GPL version 3 or later <http://gnu.org/licenses/gpl.html>
This is free software: you are free to change and redistribute it.
There is NO WARRANTY, to the extent permitted by law.
Type "show copying" and "show warranty" for details.
This GDB was configured as "x86_64-linux-gnu".
Type "show configuration" for configuration details.
For bug reporting instructions, please see:
<http://www.gnu.org/software/gdb/bugs/>.
Find the GDB manual and other documentation resources online at:
    <http://www.gnu.org/software/gdb/documentation/>.

For help, type "help".
Type "apropos word" to search for commands related to "word"...
Reading symbols from bomb...
(gdb) b phase_1		//we need to set breakpoint inorder to stop execution
Breakpoint 1 at 0x400e8d
(gdb) disas			//disas stands for disassemble which converts a program in its executable (ready-to-run) form
No frame selected.
(gdb) r			// r stands for run which will start the program/execution
Starting program: /home/lab-2/Desktop/saras/Assignment 1/bomb002/bomb 
Welcome to my fiendish little bomb. You have 6 phases with
which to blow yourself up. Have a nice day!
1 2 3 4      					//user input(it can be string or number as we dont know what is the input type, so for trial i have entered the integers 1 2 3 4   

Breakpoint 1, 0x0000000000400e8d in phase_1 ()
(gdb) disas
Dump of assembler code for function phase_1:
=> 0x0000000000400e8d <+0>:	sub    $0x8,%rsp			//stack frameof 8 bytes
   0x0000000000400e91 <+4>:	mov    $0x4023cc,%esi			//what is being moved? 
   0x0000000000400e96 <+9>:	callq  0x401339 <strings_not_equal>  //we understand from here that the user input is string 
   0x0000000000400e9b <+14>:	test   %eax,%eax
   0x0000000000400e9d <+16>:	je     0x400ea4 <phase_1+23>
   0x0000000000400e9f <+18>:	callq  0x401438 <explode_bomb>
   0x0000000000400ea4 <+23>:	add    $0x8,%rsp
   0x0000000000400ea8 <+27>:	retq   
End of assembler dump.
(gdb) u* 0x0000000000400e9b         // u stands for until, we used until* when we directly want to move by not using ni(next instruction) again and again.
0x0000000000400e9b in phase_1 ()
(gdb) disas
Dump of assembler code for function phase_1:
   0x0000000000400e8d <+0>:	sub    $0x8,%rsp
   0x0000000000400e91 <+4>:	mov    $0x4023cc,%esi
   0x0000000000400e96 <+9>:	callq  0x401339 <strings_not_equal>
=> 0x0000000000400e9b <+14>:	test   %eax,%eax
   0x0000000000400e9d <+16>:	je     0x400ea4 <phase_1+23>
   0x0000000000400e9f <+18>:	callq  0x401438 <explode_bomb>
   0x0000000000400ea4 <+23>:	add    $0x8,%rsp
   0x0000000000400ea8 <+27>:	retq   
End of assembler dump.
(gdb) i r					//information register
rax            0x1                 1
rbx            0x4021f0            4202992
rcx            0x7                 7
rdx            0x1                 1
rsi            0x4023cc            4203468
rdi            0x4023e9            4203497
rbp            0x0                 0x0
rsp            0x7fffffffde70      0x7fffffffde70
r8             0x6037a0            6305696
r9             0x7c                124
r10            0xfffffffffffff6ed  -2323
r11            0x7ffff7dfb400      140737352020992
r12            0x400c60            4197472
r13            0x7fffffffdf70      140737488346992
r14            0x0                 0
r15            0x0                 0
rip            0x400e9b            0x400e9b <phase_1+14>
eflags         0x293               [ CF AF SF IF ]
cs             0x33                51
ss             0x2b                43
ds             0x0                 0
es             0x0                 0
fs             0x0                 0
--Type <RET> for more, q to quit, c to continue without paging--c
gs             0x0                 0
(gdb) ni							//next instruction
0x0000000000400e9d in phase_1 ()
(gdb) disas
Dump of assembler code for function phase_1:
   0x0000000000400e8d <+0>:	sub    $0x8,%rsp
   0x0000000000400e91 <+4>:	mov    $0x4023cc,%esi
   0x0000000000400e96 <+9>:	callq  0x401339 <strings_not_equal>
   0x0000000000400e9b <+14>:	test   %eax,%eax
=> 0x0000000000400e9d <+16>:	je     0x400ea4 <phase_1+23>
   0x0000000000400e9f <+18>:	callq  0x401438 <explode_bomb>
   0x0000000000400ea4 <+23>:	add    $0x8,%rsp
   0x0000000000400ea8 <+27>:	retq   
End of assembler dump.
(gdb) disas
Dump of assembler code for function phase_1:
   0x0000000000400e8d <+0>:	sub    $0x8,%rsp
   0x0000000000400e91 <+4>:	mov    $0x4023cc,%esi
   0x0000000000400e96 <+9>:	callq  0x401339 <strings_not_equal>
   0x0000000000400e9b <+14>:	test   %eax,%eax
=> 0x0000000000400e9d <+16>:	je     0x400ea4 <phase_1+23>
   0x0000000000400e9f <+18>:	callq  0x401438 <explode_bomb>
   0x0000000000400ea4 <+23>:	add    $0x8,%rsp
   0x0000000000400ea8 <+27>:	retq   
End of assembler dump.
(gdb) ni
0x0000000000400e9f in phase_1 ()
(gdb) disas
Dump of assembler code for function phase_1:
   0x0000000000400e8d <+0>:	sub    $0x8,%rsp
   0x0000000000400e91 <+4>:	mov    $0x4023cc,%esi
   0x0000000000400e96 <+9>:	callq  0x401339 <strings_not_equal>
   0x0000000000400e9b <+14>:	test   %eax,%eax
   0x0000000000400e9d <+16>:	je     0x400ea4 <phase_1+23>
=> 0x0000000000400e9f <+18>:	callq  0x401438 <explode_bomb>
   0x0000000000400ea4 <+23>:	add    $0x8,%rsp
   0x0000000000400ea8 <+27>:	retq   
End of assembler dump.
(gdb) x/s 0x4023cc 						//x/s= printing (above adress gives the actual string to difuse the bomb in phase 1)
0x4023cc:	"Public speaking is very easy."    		//this the the actual string (THE SOLUTION FOR PHASE1)
